<?xml version="1.0" encoding="UTF-8"?>
<coverage generated="1587376241390" clover="3.2.0">
  <project timestamp="1587376241391" name="All files">
    <metrics statements="13" coveredstatements="3" conditionals="4" coveredconditionals="0" methods="11" coveredmethods="0" elements="28" coveredelements="3" complexity="0" loc="13" ncloc="13" packages="1" files="2" classes="2"/>
    <file name="node.js" path="/Users/henok/codefellows/data-stracture-and-algorithms-2/stacksAndQueues/node.js">
      <metrics statements="3" coveredstatements="1" conditionals="0" coveredconditionals="0" methods="1" coveredmethods="0"/>
      <line num="4" count="0" type="stmt"/>
      <line num="5" count="0" type="stmt"/>
      <line num="15" count="1" type="stmt"/>
    </file>
    <file name="stacks-and-queues.js" path="/Users/henok/codefellows/data-stracture-and-algorithms-2/stacksAndQueues/stacks-and-queues.js">
      <metrics statements="10" coveredstatements="2" conditionals="4" coveredconditionals="0" methods="10" coveredmethods="0"/>
      <line num="2" count="1" type="stmt"/>
      <line num="6" count="0" type="stmt"/>
      <line num="12" count="0" type="cond" truecount="0" falsecount="2"/>
      <line num="13" count="0" type="stmt"/>
      <line num="14" count="0" type="stmt"/>
      <line num="20" count="0" type="stmt"/>
      <line num="26" count="0" type="cond" truecount="0" falsecount="2"/>
      <line num="27" count="0" type="stmt"/>
      <line num="28" count="0" type="stmt"/>
      <line num="32" count="1" type="stmt"/>
    </file>
  </project>
</coverage>
