<?xml version="1.0" encoding="UTF-8"?>
<coverage generated="1587259099797" clover="3.2.0">
  <project timestamp="1587259099797" name="All files">
    <metrics statements="7" coveredstatements="3" conditionals="0" coveredconditionals="0" methods="11" coveredmethods="0" elements="18" coveredelements="3" complexity="0" loc="7" ncloc="7" packages="1" files="2" classes="2"/>
    <file name="node.js" path="/Users/henok/codefellows/data-stracture-and-algorithms-2/stacksAndQueues/node.js">
      <metrics statements="3" coveredstatements="1" conditionals="0" coveredconditionals="0" methods="1" coveredmethods="0"/>
      <line num="4" count="0" type="stmt"/>
      <line num="5" count="0" type="stmt"/>
      <line num="15" count="1" type="stmt"/>
    </file>
    <file name="stacks-and-queues.js" path="/Users/henok/codefellows/data-stracture-and-algorithms-2/stacksAndQueues/stacks-and-queues.js">
      <metrics statements="4" coveredstatements="2" conditionals="0" coveredconditionals="0" methods="10" coveredmethods="0"/>
      <line num="2" count="1" type="stmt"/>
      <line num="6" count="0" type="stmt"/>
      <line num="16" count="0" type="stmt"/>
      <line num="24" count="1" type="stmt"/>
    </file>
  </project>
</coverage>
