TN:
SF:node.js
FN:3,(anonymous_0)
FNF:1
FNH:1
FNDA:23,(anonymous_0)
DA:4,23
DA:5,23
DA:15,2
LF:3
LH:3
BRF:0
BRH:0
end_of_record
TN:
SF:stacks-and-queues.js
FN:5,(anonymous_0)
FN:8,(anonymous_1)
FN:17,(anonymous_2)
FN:27,(anonymous_3)
FN:34,(anonymous_4)
FN:44,(anonymous_5)
FN:48,(anonymous_6)
FN:59,(anonymous_7)
FN:69,(anonymous_8)
FN:76,(anonymous_9)
FNF:10
FNH:10
FNDA:6,(anonymous_0)
FNDA:5,(anonymous_1)
FNDA:9,(anonymous_2)
FNDA:4,(anonymous_3)
FNDA:16,(anonymous_4)
FNDA:7,(anonymous_5)
FNDA:14,(anonymous_6)
FNDA:5,(anonymous_7)
FNDA:3,(anonymous_8)
FNDA:27,(anonymous_9)
DA:2,2
DA:6,6
DA:9,5
DA:10,5
DA:11,1
DA:13,4
DA:14,4
DA:15,4
DA:18,9
DA:19,9
DA:20,9
DA:21,4
DA:22,4
DA:24,5
DA:25,5
DA:28,4
DA:29,3
DA:31,1
DA:35,16
DA:36,7
DA:38,9
DA:45,7
DA:46,7
DA:49,14
DA:50,14
DA:51,6
DA:52,6
DA:53,6
DA:56,8
DA:57,8
DA:60,5
DA:61,5
DA:62,1
DA:64,4
DA:65,4
DA:66,4
DA:70,3
DA:71,1
DA:73,2
DA:77,27
DA:78,9
DA:80,18
DA:85,2
LF:43
LH:43
BRDA:10,0,0,1
BRDA:10,0,1,4
BRDA:20,1,0,4
BRDA:20,1,1,5
BRDA:28,2,0,3
BRDA:28,2,1,1
BRDA:35,3,0,7
BRDA:35,3,1,9
BRDA:50,4,0,6
BRDA:50,4,1,8
BRDA:61,5,0,1
BRDA:61,5,1,4
BRDA:70,6,0,1
BRDA:70,6,1,2
BRDA:77,7,0,9
BRDA:77,7,1,18
BRDA:77,8,0,27
BRDA:77,8,1,10
BRF:18
BRH:18
end_of_record
