<?xml version="1.0" encoding="UTF-8"?>
<coverage generated="1585097191468" clover="3.2.0">
  <project timestamp="1585097191468" name="All files">
    <metrics statements="26" coveredstatements="22" conditionals="6" coveredconditionals="2" methods="2" coveredmethods="2" elements="34" coveredelements="26" complexity="0" loc="26" ncloc="26" packages="2" files="2" classes="2"/>
    <package name="arrayBinarySearch">
      <metrics statements="16" coveredstatements="12" conditionals="6" coveredconditionals="2" methods="1" coveredmethods="1"/>
      <file name="array-binary-search.js" path="/Users/henok/codefellows/data-stracture-and-algorithms-2/code-challenge/arrayBinarySearch/array-binary-search.js">
        <metrics statements="16" coveredstatements="12" conditionals="6" coveredconditionals="2" methods="1" coveredmethods="1"/>
        <line num="3" count="1" type="stmt"/>
        <line num="4" count="1" type="stmt"/>
        <line num="7" count="2" type="stmt"/>
        <line num="8" count="2" type="stmt"/>
        <line num="9" count="2" type="stmt"/>
        <line num="10" count="2" type="stmt"/>
        <line num="11" count="2" type="stmt"/>
        <line num="12" count="2" type="cond" truecount="1" falsecount="1"/>
        <line num="13" count="0" type="stmt"/>
        <line num="14" count="2" type="cond" truecount="1" falsecount="1"/>
        <line num="15" count="2" type="stmt"/>
        <line num="16" count="0" type="cond" truecount="0" falsecount="2"/>
        <line num="17" count="0" type="stmt"/>
        <line num="19" count="0" type="stmt"/>
        <line num="23" count="1" type="stmt"/>
        <line num="27" count="1" type="stmt"/>
      </file>
    </package>
    <package name="arrayShift">
      <metrics statements="10" coveredstatements="10" conditionals="0" coveredconditionals="0" methods="1" coveredmethods="1"/>
      <file name="array-shift.js" path="/Users/henok/codefellows/data-stracture-and-algorithms-2/code-challenge/arrayShift/array-shift.js">
        <metrics statements="10" coveredstatements="10" conditionals="0" coveredconditionals="0" methods="1" coveredmethods="1"/>
        <line num="8" count="1" type="stmt"/>
        <line num="9" count="2" type="stmt"/>
        <line num="10" count="2" type="stmt"/>
        <line num="11" count="2" type="stmt"/>
        <line num="13" count="2" type="stmt"/>
        <line num="14" count="4" type="stmt"/>
        <line num="16" count="2" type="stmt"/>
        <line num="17" count="2" type="stmt"/>
        <line num="19" count="1" type="stmt"/>
        <line num="25" count="1" type="stmt"/>
      </file>
    </package>
  </project>
</coverage>
