{"/Users/henok/codefellows/data-stracture-and-algorithms-2/code-challenge/arrayBinarySearch/array-binary-search.js": {"path":"/Users/henok/codefellows/data-stracture-and-algorithms-2/code-challenge/arrayBinarySearch/array-binary-search.js","statementMap":{"0":{"start":{"line":3,"column":12},"end":{"line":3,"column":27}},"1":{"start":{"line":4,"column":10},"end":{"line":4,"column":11}},"2":{"start":{"line":7,"column":12},"end":{"line":7,"column":13}},"3":{"start":{"line":8,"column":12},"end":{"line":8,"column":26}},"4":{"start":{"line":9,"column":12},"end":{"line":9,"column":13}},"5":{"start":{"line":10,"column":2},"end":{"line":21,"column":3}},"6":{"start":{"line":11,"column":4},"end":{"line":11,"column":38}},"7":{"start":{"line":12,"column":4},"end":{"line":20,"column":5}},"8":{"start":{"line":13,"column":6},"end":{"line":13,"column":17}},"9":{"start":{"line":14,"column":11},"end":{"line":20,"column":5}},"10":{"start":{"line":15,"column":6},"end":{"line":15,"column":21}},"11":{"start":{"line":16,"column":11},"end":{"line":20,"column":5}},"12":{"start":{"line":17,"column":6},"end":{"line":17,"column":21}},"13":{"start":{"line":19,"column":6},"end":{"line":19,"column":16}},"14":{"start":{"line":23,"column":0},"end":{"line":23,"column":25}},"15":{"start":{"line":27,"column":0},"end":{"line":27,"column":30}}},"fnMap":{"0":{"name":"binarySearch","decl":{"start":{"line":6,"column":9},"end":{"line":6,"column":21}},"loc":{"start":{"line":6,"column":32},"end":{"line":22,"column":1}},"line":6}},"branchMap":{"0":{"loc":{"start":{"line":12,"column":4},"end":{"line":20,"column":5}},"type":"if","locations":[{"start":{"line":12,"column":4},"end":{"line":20,"column":5}},{"start":{"line":12,"column":4},"end":{"line":20,"column":5}}],"line":12},"1":{"loc":{"start":{"line":14,"column":11},"end":{"line":20,"column":5}},"type":"if","locations":[{"start":{"line":14,"column":11},"end":{"line":20,"column":5}},{"start":{"line":14,"column":11},"end":{"line":20,"column":5}}],"line":14},"2":{"loc":{"start":{"line":16,"column":11},"end":{"line":20,"column":5}},"type":"if","locations":[{"start":{"line":16,"column":11},"end":{"line":20,"column":5}},{"start":{"line":16,"column":11},"end":{"line":20,"column":5}}],"line":16}},"s":{"0":1,"1":1,"2":2,"3":2,"4":2,"5":2,"6":2,"7":2,"8":0,"9":2,"10":2,"11":0,"12":0,"13":0,"14":1,"15":1},"f":{"0":2},"b":{"0":[0,2],"1":[2,0],"2":[0,0]},"_coverageSchema":"1a1c01bbd47fc00a2c39e90264f33305004495a9","hash":"3440113a4025e99b0a5f1e858dec768394085d51"}
,"/Users/henok/codefellows/data-stracture-and-algorithms-2/code-challenge/arrayShift/array-shift.js": {"path":"/Users/henok/codefellows/data-stracture-and-algorithms-2/code-challenge/arrayShift/array-shift.js","statementMap":{"0":{"start":{"line":8,"column":23},"end":{"line":18,"column":1}},"1":{"start":{"line":9,"column":14},"end":{"line":9,"column":16}},"2":{"start":{"line":10,"column":17},"end":{"line":10,"column":35}},"3":{"start":{"line":11,"column":12},"end":{"line":11,"column":45}},"4":{"start":{"line":13,"column":2},"end":{"line":15,"column":3}},"5":{"start":{"line":13,"column":15},"end":{"line":13,"column":30}},"6":{"start":{"line":14,"column":4},"end":{"line":14,"column":34}},"7":{"start":{"line":16,"column":2},"end":{"line":16,"column":24}},"8":{"start":{"line":17,"column":2},"end":{"line":17,"column":18}},"9":{"start":{"line":19,"column":0},"end":{"line":19,"column":19}},"10":{"start":{"line":25,"column":0},"end":{"line":25,"column":34}}},"fnMap":{"0":{"name":"(anonymous_0)","decl":{"start":{"line":8,"column":23},"end":{"line":8,"column":24}},"loc":{"start":{"line":8,"column":29},"end":{"line":18,"column":1}},"line":8}},"branchMap":{},"s":{"0":1,"1":2,"2":2,"3":2,"4":2,"5":2,"6":4,"7":2,"8":2,"9":1,"10":1},"f":{"0":2},"b":{},"_coverageSchema":"1a1c01bbd47fc00a2c39e90264f33305004495a9","hash":"8ff699cccc17dc93cbbb4c057ba9b1f7598a28cd"}
}
