TN:
SF:arrayBinarySearch/array-binary-search.js
FN:5,binarySearch
FNF:1
FNH:1
FNDA:3,binarySearch
DA:6,3
DA:7,3
DA:8,3
DA:9,3
DA:10,3
DA:11,3
DA:12,1
DA:13,2
DA:14,0
DA:15,2
DA:16,2
DA:18,0
DA:24,1
LF:13
LH:11
BRDA:11,0,0,1
BRDA:11,0,1,2
BRDA:13,1,0,0
BRDA:13,1,1,2
BRDA:15,2,0,2
BRDA:15,2,1,0
BRF:6
BRH:4
end_of_record
TN:
SF:arrayShift/array-shift.js
FN:8,(anonymous_0)
FNF:1
FNH:1
FNDA:2,(anonymous_0)
DA:8,1
DA:9,2
DA:10,2
DA:11,2
DA:13,2
DA:14,4
DA:16,2
DA:17,2
DA:19,1
DA:25,1
LF:10
LH:10
BRF:0
BRH:0
end_of_record
