TN:
SF:arrayBinarySearch/array-binary-search.js
FN:6,binarySearch
FNF:1
FNH:1
FNDA:2,binarySearch
DA:3,1
DA:4,1
DA:7,2
DA:8,2
DA:9,2
DA:10,2
DA:11,2
DA:12,2
DA:13,0
DA:14,2
DA:15,2
DA:16,0
DA:17,0
DA:19,0
DA:23,1
DA:27,1
LF:16
LH:12
BRDA:12,0,0,0
BRDA:12,0,1,2
BRDA:14,1,0,2
BRDA:14,1,1,0
BRDA:16,2,0,0
BRDA:16,2,1,0
BRF:6
BRH:2
end_of_record
TN:
SF:arrayShift/array-shift.js
FN:8,(anonymous_0)
FNF:1
FNH:1
FNDA:2,(anonymous_0)
DA:8,1
DA:9,2
DA:10,2
DA:11,2
DA:13,2
DA:14,4
DA:16,2
DA:17,2
DA:19,1
DA:25,1
LF:10
LH:10
BRF:0
BRH:0
end_of_record
