{"/Users/henok/codefellows/data-stracture-and-algorithms-2/data-structures/fizzBuzzTree/fizz-buzz-tree.js": {"path":"/Users/henok/codefellows/data-stracture-and-algorithms-2/data-structures/fizzBuzzTree/fizz-buzz-tree.js","statementMap":{"0":{"start":{"line":4,"column":4},"end":{"line":4,"column":19}},"1":{"start":{"line":5,"column":4},"end":{"line":5,"column":21}},"2":{"start":{"line":6,"column":4},"end":{"line":6,"column":22}},"3":{"start":{"line":11,"column":4},"end":{"line":11,"column":20}},"4":{"start":{"line":12,"column":4},"end":{"line":12,"column":21}},"5":{"start":{"line":13,"column":4},"end":{"line":13,"column":22}},"6":{"start":{"line":16,"column":4},"end":{"line":18,"column":5}},"7":{"start":{"line":17,"column":6},"end":{"line":17,"column":13}},"8":{"start":{"line":19,"column":18},"end":{"line":19,"column":20}},"9":{"start":{"line":20,"column":19},"end":{"line":20,"column":21}},"10":{"start":{"line":21,"column":20},"end":{"line":21,"column":22}},"11":{"start":{"line":22,"column":4},"end":{"line":22,"column":27}},"12":{"start":{"line":23,"column":4},"end":{"line":25,"column":5}},"13":{"start":{"line":24,"column":6},"end":{"line":24,"column":42}},"14":{"start":{"line":26,"column":4},"end":{"line":28,"column":5}},"15":{"start":{"line":27,"column":6},"end":{"line":27,"column":44}},"16":{"start":{"line":29,"column":4},"end":{"line":29,"column":54}},"17":{"start":{"line":31,"column":4},"end":{"line":31,"column":19}},"18":{"start":{"line":34,"column":4},"end":{"line":36,"column":5}},"19":{"start":{"line":35,"column":6},"end":{"line":35,"column":13}},"20":{"start":{"line":37,"column":18},"end":{"line":37,"column":20}},"21":{"start":{"line":38,"column":19},"end":{"line":38,"column":21}},"22":{"start":{"line":39,"column":20},"end":{"line":39,"column":22}},"23":{"start":{"line":40,"column":4},"end":{"line":42,"column":5}},"24":{"start":{"line":41,"column":6},"end":{"line":41,"column":42}},"25":{"start":{"line":43,"column":4},"end":{"line":43,"column":27}},"26":{"start":{"line":44,"column":4},"end":{"line":46,"column":5}},"27":{"start":{"line":45,"column":6},"end":{"line":45,"column":44}},"28":{"start":{"line":47,"column":4},"end":{"line":47,"column":54}},"29":{"start":{"line":48,"column":4},"end":{"line":48,"column":19}},"30":{"start":{"line":51,"column":4},"end":{"line":53,"column":5}},"31":{"start":{"line":52,"column":6},"end":{"line":52,"column":13}},"32":{"start":{"line":54,"column":18},"end":{"line":54,"column":20}},"33":{"start":{"line":55,"column":19},"end":{"line":55,"column":21}},"34":{"start":{"line":56,"column":20},"end":{"line":56,"column":22}},"35":{"start":{"line":57,"column":4},"end":{"line":59,"column":5}},"36":{"start":{"line":58,"column":6},"end":{"line":58,"column":42}},"37":{"start":{"line":60,"column":4},"end":{"line":62,"column":5}},"38":{"start":{"line":61,"column":6},"end":{"line":61,"column":44}},"39":{"start":{"line":63,"column":4},"end":{"line":63,"column":27}},"40":{"start":{"line":64,"column":4},"end":{"line":64,"column":54}},"41":{"start":{"line":66,"column":4},"end":{"line":66,"column":19}},"42":{"start":{"line":71,"column":4},"end":{"line":71,"column":12}},"43":{"start":{"line":74,"column":22},"end":{"line":74,"column":31}},"44":{"start":{"line":75,"column":4},"end":{"line":78,"column":5}},"45":{"start":{"line":76,"column":6},"end":{"line":76,"column":32}},"46":{"start":{"line":77,"column":6},"end":{"line":77,"column":13}},"47":{"start":{"line":79,"column":4},"end":{"line":95,"column":5}},"48":{"start":{"line":80,"column":6},"end":{"line":94,"column":7}},"49":{"start":{"line":81,"column":8},"end":{"line":86,"column":9}},"50":{"start":{"line":82,"column":10},"end":{"line":82,"column":43}},"51":{"start":{"line":83,"column":10},"end":{"line":83,"column":17}},"52":{"start":{"line":85,"column":10},"end":{"line":85,"column":41}},"53":{"start":{"line":87,"column":13},"end":{"line":94,"column":7}},"54":{"start":{"line":88,"column":8},"end":{"line":93,"column":9}},"55":{"start":{"line":89,"column":10},"end":{"line":89,"column":44}},"56":{"start":{"line":90,"column":10},"end":{"line":90,"column":17}},"57":{"start":{"line":92,"column":10},"end":{"line":92,"column":42}},"58":{"start":{"line":99,"column":21},"end":{"line":129,"column":1}},"59":{"start":{"line":102,"column":2},"end":{"line":104,"column":3}},"60":{"start":{"line":103,"column":4},"end":{"line":103,"column":11}},"61":{"start":{"line":105,"column":16},"end":{"line":105,"column":18}},"62":{"start":{"line":107,"column":2},"end":{"line":109,"column":3}},"63":{"start":{"line":108,"column":4},"end":{"line":108,"column":22}},"64":{"start":{"line":110,"column":2},"end":{"line":112,"column":3}},"65":{"start":{"line":111,"column":4},"end":{"line":111,"column":22}},"66":{"start":{"line":113,"column":2},"end":{"line":115,"column":3}},"67":{"start":{"line":114,"column":4},"end":{"line":114,"column":26}},"68":{"start":{"line":116,"column":16},"end":{"line":116,"column":59}},"69":{"start":{"line":118,"column":2},"end":{"line":120,"column":3}},"70":{"start":{"line":119,"column":4},"end":{"line":119,"column":43}},"71":{"start":{"line":121,"column":2},"end":{"line":123,"column":3}},"72":{"start":{"line":122,"column":4},"end":{"line":122,"column":45}},"73":{"start":{"line":128,"column":2},"end":{"line":128,"column":17}},"74":{"start":{"line":131,"column":0},"end":{"line":131,"column":59}}},"fnMap":{"0":{"name":"(anonymous_0)","decl":{"start":{"line":3,"column":2},"end":{"line":3,"column":3}},"loc":{"start":{"line":3,"column":19},"end":{"line":7,"column":3}},"line":3},"1":{"name":"(anonymous_1)","decl":{"start":{"line":10,"column":2},"end":{"line":10,"column":3}},"loc":{"start":{"line":10,"column":19},"end":{"line":14,"column":3}},"line":10},"2":{"name":"(anonymous_2)","decl":{"start":{"line":15,"column":2},"end":{"line":15,"column":3}},"loc":{"start":{"line":15,"column":29},"end":{"line":32,"column":3}},"line":15},"3":{"name":"(anonymous_3)","decl":{"start":{"line":33,"column":2},"end":{"line":33,"column":3}},"loc":{"start":{"line":33,"column":28},"end":{"line":49,"column":3}},"line":33},"4":{"name":"(anonymous_4)","decl":{"start":{"line":50,"column":2},"end":{"line":50,"column":3}},"loc":{"start":{"line":50,"column":30},"end":{"line":67,"column":3}},"line":50},"5":{"name":"(anonymous_5)","decl":{"start":{"line":70,"column":2},"end":{"line":70,"column":3}},"loc":{"start":{"line":70,"column":16},"end":{"line":72,"column":3}},"line":70},"6":{"name":"(anonymous_6)","decl":{"start":{"line":73,"column":2},"end":{"line":73,"column":3}},"loc":{"start":{"line":73,"column":11},"end":{"line":96,"column":3}},"line":73},"7":{"name":"(anonymous_7)","decl":{"start":{"line":99,"column":21},"end":{"line":99,"column":22}},"loc":{"start":{"line":99,"column":31},"end":{"line":129,"column":1}},"line":99}},"branchMap":{"0":{"loc":{"start":{"line":15,"column":11},"end":{"line":15,"column":27}},"type":"default-arg","locations":[{"start":{"line":15,"column":18},"end":{"line":15,"column":27}}],"line":15},"1":{"loc":{"start":{"line":16,"column":4},"end":{"line":18,"column":5}},"type":"if","locations":[{"start":{"line":16,"column":4},"end":{"line":18,"column":5}},{"start":{"line":16,"column":4},"end":{"line":18,"column":5}}],"line":16},"2":{"loc":{"start":{"line":23,"column":4},"end":{"line":25,"column":5}},"type":"if","locations":[{"start":{"line":23,"column":4},"end":{"line":25,"column":5}},{"start":{"line":23,"column":4},"end":{"line":25,"column":5}}],"line":23},"3":{"loc":{"start":{"line":26,"column":4},"end":{"line":28,"column":5}},"type":"if","locations":[{"start":{"line":26,"column":4},"end":{"line":28,"column":5}},{"start":{"line":26,"column":4},"end":{"line":28,"column":5}}],"line":26},"4":{"loc":{"start":{"line":33,"column":10},"end":{"line":33,"column":26}},"type":"default-arg","locations":[{"start":{"line":33,"column":17},"end":{"line":33,"column":26}}],"line":33},"5":{"loc":{"start":{"line":34,"column":4},"end":{"line":36,"column":5}},"type":"if","locations":[{"start":{"line":34,"column":4},"end":{"line":36,"column":5}},{"start":{"line":34,"column":4},"end":{"line":36,"column":5}}],"line":34},"6":{"loc":{"start":{"line":40,"column":4},"end":{"line":42,"column":5}},"type":"if","locations":[{"start":{"line":40,"column":4},"end":{"line":42,"column":5}},{"start":{"line":40,"column":4},"end":{"line":42,"column":5}}],"line":40},"7":{"loc":{"start":{"line":44,"column":4},"end":{"line":46,"column":5}},"type":"if","locations":[{"start":{"line":44,"column":4},"end":{"line":46,"column":5}},{"start":{"line":44,"column":4},"end":{"line":46,"column":5}}],"line":44},"8":{"loc":{"start":{"line":50,"column":12},"end":{"line":50,"column":28}},"type":"default-arg","locations":[{"start":{"line":50,"column":19},"end":{"line":50,"column":28}}],"line":50},"9":{"loc":{"start":{"line":51,"column":4},"end":{"line":53,"column":5}},"type":"if","locations":[{"start":{"line":51,"column":4},"end":{"line":53,"column":5}},{"start":{"line":51,"column":4},"end":{"line":53,"column":5}}],"line":51},"10":{"loc":{"start":{"line":57,"column":4},"end":{"line":59,"column":5}},"type":"if","locations":[{"start":{"line":57,"column":4},"end":{"line":59,"column":5}},{"start":{"line":57,"column":4},"end":{"line":59,"column":5}}],"line":57},"11":{"loc":{"start":{"line":60,"column":4},"end":{"line":62,"column":5}},"type":"if","locations":[{"start":{"line":60,"column":4},"end":{"line":62,"column":5}},{"start":{"line":60,"column":4},"end":{"line":62,"column":5}}],"line":60},"12":{"loc":{"start":{"line":75,"column":4},"end":{"line":78,"column":5}},"type":"if","locations":[{"start":{"line":75,"column":4},"end":{"line":78,"column":5}},{"start":{"line":75,"column":4},"end":{"line":78,"column":5}}],"line":75},"13":{"loc":{"start":{"line":80,"column":6},"end":{"line":94,"column":7}},"type":"if","locations":[{"start":{"line":80,"column":6},"end":{"line":94,"column":7}},{"start":{"line":80,"column":6},"end":{"line":94,"column":7}}],"line":80},"14":{"loc":{"start":{"line":81,"column":8},"end":{"line":86,"column":9}},"type":"if","locations":[{"start":{"line":81,"column":8},"end":{"line":86,"column":9}},{"start":{"line":81,"column":8},"end":{"line":86,"column":9}}],"line":81},"15":{"loc":{"start":{"line":87,"column":13},"end":{"line":94,"column":7}},"type":"if","locations":[{"start":{"line":87,"column":13},"end":{"line":94,"column":7}},{"start":{"line":87,"column":13},"end":{"line":94,"column":7}}],"line":87},"16":{"loc":{"start":{"line":88,"column":8},"end":{"line":93,"column":9}},"type":"if","locations":[{"start":{"line":88,"column":8},"end":{"line":93,"column":9}},{"start":{"line":88,"column":8},"end":{"line":93,"column":9}}],"line":88},"17":{"loc":{"start":{"line":102,"column":2},"end":{"line":104,"column":3}},"type":"if","locations":[{"start":{"line":102,"column":2},"end":{"line":104,"column":3}},{"start":{"line":102,"column":2},"end":{"line":104,"column":3}}],"line":102},"18":{"loc":{"start":{"line":107,"column":2},"end":{"line":109,"column":3}},"type":"if","locations":[{"start":{"line":107,"column":2},"end":{"line":109,"column":3}},{"start":{"line":107,"column":2},"end":{"line":109,"column":3}}],"line":107},"19":{"loc":{"start":{"line":110,"column":2},"end":{"line":112,"column":3}},"type":"if","locations":[{"start":{"line":110,"column":2},"end":{"line":112,"column":3}},{"start":{"line":110,"column":2},"end":{"line":112,"column":3}}],"line":110},"20":{"loc":{"start":{"line":113,"column":2},"end":{"line":115,"column":3}},"type":"if","locations":[{"start":{"line":113,"column":2},"end":{"line":115,"column":3}},{"start":{"line":113,"column":2},"end":{"line":115,"column":3}}],"line":113},"21":{"loc":{"start":{"line":116,"column":25},"end":{"line":116,"column":58}},"type":"cond-expr","locations":[{"start":{"line":116,"column":35},"end":{"line":116,"column":42}},{"start":{"line":116,"column":45},"end":{"line":116,"column":58}}],"line":116},"22":{"loc":{"start":{"line":118,"column":2},"end":{"line":120,"column":3}},"type":"if","locations":[{"start":{"line":118,"column":2},"end":{"line":120,"column":3}},{"start":{"line":118,"column":2},"end":{"line":120,"column":3}}],"line":118},"23":{"loc":{"start":{"line":121,"column":2},"end":{"line":123,"column":3}},"type":"if","locations":[{"start":{"line":121,"column":2},"end":{"line":123,"column":3}},{"start":{"line":121,"column":2},"end":{"line":123,"column":3}}],"line":121}},"s":{"0":0,"1":0,"2":0,"3":0,"4":0,"5":0,"6":0,"7":0,"8":0,"9":0,"10":0,"11":0,"12":0,"13":0,"14":0,"15":0,"16":0,"17":0,"18":0,"19":0,"20":0,"21":0,"22":0,"23":0,"24":0,"25":0,"26":0,"27":0,"28":0,"29":0,"30":0,"31":0,"32":0,"33":0,"34":0,"35":0,"36":0,"37":0,"38":0,"39":0,"40":0,"41":0,"42":0,"43":0,"44":0,"45":0,"46":0,"47":0,"48":0,"49":0,"50":0,"51":0,"52":0,"53":0,"54":0,"55":0,"56":0,"57":0,"58":1,"59":0,"60":0,"61":0,"62":0,"63":0,"64":0,"65":0,"66":0,"67":0,"68":0,"69":0,"70":0,"71":0,"72":0,"73":0,"74":1},"f":{"0":0,"1":0,"2":0,"3":0,"4":0,"5":0,"6":0,"7":0},"b":{"0":[0],"1":[0,0],"2":[0,0],"3":[0,0],"4":[0],"5":[0,0],"6":[0,0],"7":[0,0],"8":[0],"9":[0,0],"10":[0,0],"11":[0,0],"12":[0,0],"13":[0,0],"14":[0,0],"15":[0,0],"16":[0,0],"17":[0,0],"18":[0,0],"19":[0,0],"20":[0,0],"21":[0,0],"22":[0,0],"23":[0,0]},"_coverageSchema":"1a1c01bbd47fc00a2c39e90264f33305004495a9","hash":"e555f177ed11dc6b29fcc2f74115019c038f32a6"}
,"/Users/henok/codefellows/data-stracture-and-algorithms-2/data-structures/tree/tree.js": {"path":"/Users/henok/codefellows/data-stracture-and-algorithms-2/data-structures/tree/tree.js","statementMap":{"0":{"start":{"line":4,"column":4},"end":{"line":4,"column":19}},"1":{"start":{"line":5,"column":4},"end":{"line":5,"column":21}},"2":{"start":{"line":6,"column":4},"end":{"line":6,"column":22}},"3":{"start":{"line":12,"column":4},"end":{"line":12,"column":21}},"4":{"start":{"line":15,"column":4},"end":{"line":15,"column":22}},"5":{"start":{"line":15,"column":15},"end":{"line":15,"column":22}},"6":{"start":{"line":17,"column":23},"end":{"line":17,"column":25}},"7":{"start":{"line":18,"column":18},"end":{"line":18,"column":20}},"8":{"start":{"line":20,"column":19},"end":{"line":20,"column":21}},"9":{"start":{"line":22,"column":4},"end":{"line":22,"column":32}},"10":{"start":{"line":23,"column":4},"end":{"line":25,"column":5}},"11":{"start":{"line":24,"column":6},"end":{"line":24,"column":41}},"12":{"start":{"line":26,"column":4},"end":{"line":28,"column":5}},"13":{"start":{"line":27,"column":6},"end":{"line":27,"column":43}},"14":{"start":{"line":29,"column":4},"end":{"line":29,"column":62}},"15":{"start":{"line":31,"column":4},"end":{"line":31,"column":24}},"16":{"start":{"line":34,"column":23},"end":{"line":34,"column":25}},"17":{"start":{"line":35,"column":18},"end":{"line":35,"column":20}},"18":{"start":{"line":36,"column":19},"end":{"line":36,"column":21}},"19":{"start":{"line":38,"column":4},"end":{"line":40,"column":5}},"20":{"start":{"line":39,"column":6},"end":{"line":39,"column":40}},"21":{"start":{"line":41,"column":4},"end":{"line":41,"column":32}},"22":{"start":{"line":43,"column":4},"end":{"line":45,"column":5}},"23":{"start":{"line":44,"column":6},"end":{"line":44,"column":42}},"24":{"start":{"line":47,"column":4},"end":{"line":47,"column":62}},"25":{"start":{"line":49,"column":4},"end":{"line":49,"column":24}},"26":{"start":{"line":52,"column":23},"end":{"line":52,"column":25}},"27":{"start":{"line":53,"column":18},"end":{"line":53,"column":20}},"28":{"start":{"line":54,"column":19},"end":{"line":54,"column":21}},"29":{"start":{"line":56,"column":4},"end":{"line":58,"column":5}},"30":{"start":{"line":57,"column":6},"end":{"line":57,"column":42}},"31":{"start":{"line":59,"column":4},"end":{"line":61,"column":5}},"32":{"start":{"line":60,"column":6},"end":{"line":60,"column":44}},"33":{"start":{"line":62,"column":4},"end":{"line":62,"column":32}},"34":{"start":{"line":64,"column":4},"end":{"line":64,"column":62}},"35":{"start":{"line":66,"column":4},"end":{"line":66,"column":24}},"36":{"start":{"line":72,"column":4},"end":{"line":72,"column":12}},"37":{"start":{"line":75,"column":4},"end":{"line":78,"column":5}},"38":{"start":{"line":76,"column":6},"end":{"line":76,"column":32}},"39":{"start":{"line":77,"column":6},"end":{"line":77,"column":13}},"40":{"start":{"line":80,"column":18},"end":{"line":80,"column":27}},"41":{"start":{"line":81,"column":4},"end":{"line":97,"column":5}},"42":{"start":{"line":82,"column":6},"end":{"line":96,"column":7}},"43":{"start":{"line":83,"column":8},"end":{"line":88,"column":9}},"44":{"start":{"line":84,"column":10},"end":{"line":84,"column":39}},"45":{"start":{"line":85,"column":10},"end":{"line":85,"column":17}},"46":{"start":{"line":87,"column":10},"end":{"line":87,"column":33}},"47":{"start":{"line":89,"column":13},"end":{"line":96,"column":7}},"48":{"start":{"line":90,"column":8},"end":{"line":95,"column":9}},"49":{"start":{"line":91,"column":10},"end":{"line":91,"column":40}},"50":{"start":{"line":92,"column":10},"end":{"line":92,"column":17}},"51":{"start":{"line":94,"column":10},"end":{"line":94,"column":34}},"52":{"start":{"line":100,"column":18},"end":{"line":100,"column":31}},"53":{"start":{"line":101,"column":4},"end":{"line":104,"column":5}},"54":{"start":{"line":102,"column":6},"end":{"line":102,"column":27}},"55":{"start":{"line":103,"column":6},"end":{"line":103,"column":26}},"56":{"start":{"line":105,"column":4},"end":{"line":105,"column":29}},"57":{"start":{"line":106,"column":4},"end":{"line":106,"column":24}},"58":{"start":{"line":109,"column":21},"end":{"line":109,"column":31}},"59":{"start":{"line":110,"column":4},"end":{"line":112,"column":5}},"60":{"start":{"line":111,"column":6},"end":{"line":111,"column":13}},"61":{"start":{"line":113,"column":4},"end":{"line":113,"column":33}},"62":{"start":{"line":114,"column":4},"end":{"line":114,"column":27}},"63":{"start":{"line":115,"column":4},"end":{"line":115,"column":22}},"64":{"start":{"line":122,"column":19},"end":{"line":122,"column":29}},"65":{"start":{"line":123,"column":4},"end":{"line":123,"column":26}},"66":{"start":{"line":124,"column":4},"end":{"line":124,"column":27}},"67":{"start":{"line":126,"column":4},"end":{"line":135,"column":5}},"68":{"start":{"line":127,"column":24},"end":{"line":127,"column":38}},"69":{"start":{"line":128,"column":6},"end":{"line":128,"column":25}},"70":{"start":{"line":129,"column":6},"end":{"line":131,"column":7}},"71":{"start":{"line":130,"column":8},"end":{"line":130,"column":43}},"72":{"start":{"line":132,"column":6},"end":{"line":134,"column":7}},"73":{"start":{"line":133,"column":8},"end":{"line":133,"column":44}},"74":{"start":{"line":137,"column":4},"end":{"line":137,"column":20}},"75":{"start":{"line":141,"column":4},"end":{"line":143,"column":5}},"76":{"start":{"line":142,"column":6},"end":{"line":142,"column":19}},"77":{"start":{"line":144,"column":18},"end":{"line":144,"column":27}},"78":{"start":{"line":146,"column":4},"end":{"line":154,"column":5}},"79":{"start":{"line":147,"column":6},"end":{"line":153,"column":7}},"80":{"start":{"line":148,"column":8},"end":{"line":148,"column":32}},"81":{"start":{"line":149,"column":13},"end":{"line":153,"column":7}},"82":{"start":{"line":150,"column":8},"end":{"line":150,"column":31}},"83":{"start":{"line":151,"column":13},"end":{"line":153,"column":7}},"84":{"start":{"line":152,"column":8},"end":{"line":152,"column":20}},"85":{"start":{"line":155,"column":4},"end":{"line":155,"column":17}},"86":{"start":{"line":159,"column":0},"end":{"line":159,"column":56}}},"fnMap":{"0":{"name":"(anonymous_0)","decl":{"start":{"line":3,"column":2},"end":{"line":3,"column":3}},"loc":{"start":{"line":3,"column":19},"end":{"line":7,"column":3}},"line":3},"1":{"name":"(anonymous_1)","decl":{"start":{"line":11,"column":2},"end":{"line":11,"column":3}},"loc":{"start":{"line":11,"column":16},"end":{"line":13,"column":3}},"line":11},"2":{"name":"(anonymous_2)","decl":{"start":{"line":14,"column":2},"end":{"line":14,"column":3}},"loc":{"start":{"line":14,"column":29},"end":{"line":32,"column":3}},"line":14},"3":{"name":"(anonymous_3)","decl":{"start":{"line":33,"column":2},"end":{"line":33,"column":3}},"loc":{"start":{"line":33,"column":28},"end":{"line":50,"column":3}},"line":33},"4":{"name":"(anonymous_4)","decl":{"start":{"line":51,"column":2},"end":{"line":51,"column":3}},"loc":{"start":{"line":51,"column":30},"end":{"line":67,"column":3}},"line":51},"5":{"name":"(anonymous_5)","decl":{"start":{"line":71,"column":2},"end":{"line":71,"column":3}},"loc":{"start":{"line":71,"column":16},"end":{"line":73,"column":3}},"line":71},"6":{"name":"(anonymous_6)","decl":{"start":{"line":74,"column":2},"end":{"line":74,"column":3}},"loc":{"start":{"line":74,"column":11},"end":{"line":98,"column":3}},"line":74},"7":{"name":"(anonymous_7)","decl":{"start":{"line":99,"column":2},"end":{"line":99,"column":3}},"loc":{"start":{"line":99,"column":15},"end":{"line":107,"column":3}},"line":99},"8":{"name":"(anonymous_8)","decl":{"start":{"line":108,"column":2},"end":{"line":108,"column":3}},"loc":{"start":{"line":108,"column":12},"end":{"line":116,"column":3}},"line":108},"9":{"name":"(anonymous_9)","decl":{"start":{"line":117,"column":2},"end":{"line":117,"column":3}},"loc":{"start":{"line":117,"column":21},"end":{"line":138,"column":3}},"line":117},"10":{"name":"(anonymous_10)","decl":{"start":{"line":140,"column":2},"end":{"line":140,"column":3}},"loc":{"start":{"line":140,"column":16},"end":{"line":156,"column":3}},"line":140}},"branchMap":{"0":{"loc":{"start":{"line":14,"column":11},"end":{"line":14,"column":27}},"type":"default-arg","locations":[{"start":{"line":14,"column":18},"end":{"line":14,"column":27}}],"line":14},"1":{"loc":{"start":{"line":15,"column":4},"end":{"line":15,"column":22}},"type":"if","locations":[{"start":{"line":15,"column":4},"end":{"line":15,"column":22}},{"start":{"line":15,"column":4},"end":{"line":15,"column":22}}],"line":15},"2":{"loc":{"start":{"line":23,"column":4},"end":{"line":25,"column":5}},"type":"if","locations":[{"start":{"line":23,"column":4},"end":{"line":25,"column":5}},{"start":{"line":23,"column":4},"end":{"line":25,"column":5}}],"line":23},"3":{"loc":{"start":{"line":26,"column":4},"end":{"line":28,"column":5}},"type":"if","locations":[{"start":{"line":26,"column":4},"end":{"line":28,"column":5}},{"start":{"line":26,"column":4},"end":{"line":28,"column":5}}],"line":26},"4":{"loc":{"start":{"line":33,"column":10},"end":{"line":33,"column":26}},"type":"default-arg","locations":[{"start":{"line":33,"column":17},"end":{"line":33,"column":26}}],"line":33},"5":{"loc":{"start":{"line":38,"column":4},"end":{"line":40,"column":5}},"type":"if","locations":[{"start":{"line":38,"column":4},"end":{"line":40,"column":5}},{"start":{"line":38,"column":4},"end":{"line":40,"column":5}}],"line":38},"6":{"loc":{"start":{"line":43,"column":4},"end":{"line":45,"column":5}},"type":"if","locations":[{"start":{"line":43,"column":4},"end":{"line":45,"column":5}},{"start":{"line":43,"column":4},"end":{"line":45,"column":5}}],"line":43},"7":{"loc":{"start":{"line":51,"column":12},"end":{"line":51,"column":28}},"type":"default-arg","locations":[{"start":{"line":51,"column":19},"end":{"line":51,"column":28}}],"line":51},"8":{"loc":{"start":{"line":56,"column":4},"end":{"line":58,"column":5}},"type":"if","locations":[{"start":{"line":56,"column":4},"end":{"line":58,"column":5}},{"start":{"line":56,"column":4},"end":{"line":58,"column":5}}],"line":56},"9":{"loc":{"start":{"line":59,"column":4},"end":{"line":61,"column":5}},"type":"if","locations":[{"start":{"line":59,"column":4},"end":{"line":61,"column":5}},{"start":{"line":59,"column":4},"end":{"line":61,"column":5}}],"line":59},"10":{"loc":{"start":{"line":75,"column":4},"end":{"line":78,"column":5}},"type":"if","locations":[{"start":{"line":75,"column":4},"end":{"line":78,"column":5}},{"start":{"line":75,"column":4},"end":{"line":78,"column":5}}],"line":75},"11":{"loc":{"start":{"line":82,"column":6},"end":{"line":96,"column":7}},"type":"if","locations":[{"start":{"line":82,"column":6},"end":{"line":96,"column":7}},{"start":{"line":82,"column":6},"end":{"line":96,"column":7}}],"line":82},"12":{"loc":{"start":{"line":83,"column":8},"end":{"line":88,"column":9}},"type":"if","locations":[{"start":{"line":83,"column":8},"end":{"line":88,"column":9}},{"start":{"line":83,"column":8},"end":{"line":88,"column":9}}],"line":83},"13":{"loc":{"start":{"line":89,"column":13},"end":{"line":96,"column":7}},"type":"if","locations":[{"start":{"line":89,"column":13},"end":{"line":96,"column":7}},{"start":{"line":89,"column":13},"end":{"line":96,"column":7}}],"line":89},"14":{"loc":{"start":{"line":90,"column":8},"end":{"line":95,"column":9}},"type":"if","locations":[{"start":{"line":90,"column":8},"end":{"line":95,"column":9}},{"start":{"line":90,"column":8},"end":{"line":95,"column":9}}],"line":90},"15":{"loc":{"start":{"line":101,"column":4},"end":{"line":104,"column":5}},"type":"if","locations":[{"start":{"line":101,"column":4},"end":{"line":104,"column":5}},{"start":{"line":101,"column":4},"end":{"line":104,"column":5}}],"line":101},"16":{"loc":{"start":{"line":101,"column":8},"end":{"line":101,"column":33}},"type":"binary-expr","locations":[{"start":{"line":101,"column":8},"end":{"line":101,"column":18}},{"start":{"line":101,"column":22},"end":{"line":101,"column":33}}],"line":101},"17":{"loc":{"start":{"line":110,"column":4},"end":{"line":112,"column":5}},"type":"if","locations":[{"start":{"line":110,"column":4},"end":{"line":112,"column":5}},{"start":{"line":110,"column":4},"end":{"line":112,"column":5}}],"line":110},"18":{"loc":{"start":{"line":129,"column":6},"end":{"line":131,"column":7}},"type":"if","locations":[{"start":{"line":129,"column":6},"end":{"line":131,"column":7}},{"start":{"line":129,"column":6},"end":{"line":131,"column":7}}],"line":129},"19":{"loc":{"start":{"line":132,"column":6},"end":{"line":134,"column":7}},"type":"if","locations":[{"start":{"line":132,"column":6},"end":{"line":134,"column":7}},{"start":{"line":132,"column":6},"end":{"line":134,"column":7}}],"line":132},"20":{"loc":{"start":{"line":141,"column":4},"end":{"line":143,"column":5}},"type":"if","locations":[{"start":{"line":141,"column":4},"end":{"line":143,"column":5}},{"start":{"line":141,"column":4},"end":{"line":143,"column":5}}],"line":141},"21":{"loc":{"start":{"line":147,"column":6},"end":{"line":153,"column":7}},"type":"if","locations":[{"start":{"line":147,"column":6},"end":{"line":153,"column":7}},{"start":{"line":147,"column":6},"end":{"line":153,"column":7}}],"line":147},"22":{"loc":{"start":{"line":149,"column":13},"end":{"line":153,"column":7}},"type":"if","locations":[{"start":{"line":149,"column":13},"end":{"line":153,"column":7}},{"start":{"line":149,"column":13},"end":{"line":153,"column":7}}],"line":149},"23":{"loc":{"start":{"line":151,"column":13},"end":{"line":153,"column":7}},"type":"if","locations":[{"start":{"line":151,"column":13},"end":{"line":153,"column":7}},{"start":{"line":151,"column":13},"end":{"line":153,"column":7}}],"line":151}},"s":{"0":41,"1":41,"2":41,"3":9,"4":10,"5":0,"6":10,"7":10,"8":10,"9":10,"10":10,"11":4,"12":10,"13":4,"14":10,"15":10,"16":7,"17":7,"18":7,"19":7,"20":3,"21":7,"22":7,"23":3,"24":7,"25":7,"26":7,"27":7,"28":7,"29":7,"30":3,"31":7,"32":3,"33":7,"34":7,"35":7,"36":3,"37":2,"38":0,"39":0,"40":2,"41":2,"42":2,"43":1,"44":1,"45":1,"46":0,"47":1,"48":1,"49":1,"50":1,"51":0,"52":0,"53":0,"54":0,"55":0,"56":0,"57":0,"58":0,"59":0,"60":0,"61":0,"62":0,"63":0,"64":1,"65":1,"66":1,"67":0,"68":0,"69":0,"70":0,"71":0,"72":0,"73":0,"74":0,"75":2,"76":0,"77":2,"78":2,"79":5,"80":2,"81":3,"82":2,"83":1,"84":1,"85":1,"86":1},"f":{"0":41,"1":9,"2":10,"3":7,"4":7,"5":3,"6":2,"7":0,"8":0,"9":1,"10":2},"b":{"0":[2],"1":[0,10],"2":[4,6],"3":[4,6],"4":[1],"5":[3,4],"6":[3,4],"7":[1],"8":[3,4],"9":[3,4],"10":[0,2],"11":[1,1],"12":[1,0],"13":[1,0],"14":[1,0],"15":[0,0],"16":[0,0],"17":[0,0],"18":[0,0],"19":[0,0],"20":[0,2],"21":[2,3],"22":[2,1],"23":[1,0]},"_coverageSchema":"1a1c01bbd47fc00a2c39e90264f33305004495a9","hash":"b2f6dc2108eb387d9e6999aafa8de8cc0866f4b7"}
}
