{"/Users/henok/codefellows/data-stracture-and-algorithms-2/data-structures/linkedList/linked-list.js": {"path":"/Users/henok/codefellows/data-stracture-and-algorithms-2/data-structures/linkedList/linked-list.js","statementMap":{"0":{"start":{"line":5,"column":4},"end":{"line":5,"column":19}},"1":{"start":{"line":6,"column":4},"end":{"line":6,"column":21}},"2":{"start":{"line":7,"column":4},"end":{"line":7,"column":21}},"3":{"start":{"line":13,"column":4},"end":{"line":13,"column":21}},"4":{"start":{"line":14,"column":4},"end":{"line":14,"column":18}},"5":{"start":{"line":18,"column":18},"end":{"line":18,"column":31}},"6":{"start":{"line":19,"column":4},"end":{"line":19,"column":29}},"7":{"start":{"line":20,"column":4},"end":{"line":20,"column":24}},"8":{"start":{"line":22,"column":4},"end":{"line":22,"column":19}},"9":{"start":{"line":25,"column":18},"end":{"line":25,"column":27}},"10":{"start":{"line":26,"column":4},"end":{"line":31,"column":5}},"11":{"start":{"line":27,"column":6},"end":{"line":29,"column":7}},"12":{"start":{"line":28,"column":8},"end":{"line":28,"column":20}},"13":{"start":{"line":30,"column":6},"end":{"line":30,"column":29}},"14":{"start":{"line":32,"column":4},"end":{"line":32,"column":17}},"15":{"start":{"line":35,"column":18},"end":{"line":35,"column":27}},"16":{"start":{"line":36,"column":4},"end":{"line":39,"column":5}},"17":{"start":{"line":37,"column":6},"end":{"line":37,"column":34}},"18":{"start":{"line":38,"column":6},"end":{"line":38,"column":13}},"19":{"start":{"line":40,"column":4},"end":{"line":42,"column":5}},"20":{"start":{"line":41,"column":6},"end":{"line":41,"column":29}},"21":{"start":{"line":43,"column":4},"end":{"line":43,"column":35}},"22":{"start":{"line":46,"column":18},"end":{"line":46,"column":27}},"23":{"start":{"line":47,"column":19},"end":{"line":47,"column":28}},"24":{"start":{"line":49,"column":4},"end":{"line":55,"column":5}},"25":{"start":{"line":50,"column":20},"end":{"line":50,"column":36}},"26":{"start":{"line":51,"column":6},"end":{"line":51,"column":29}},"27":{"start":{"line":53,"column":6},"end":{"line":53,"column":24}},"28":{"start":{"line":54,"column":6},"end":{"line":54,"column":13}},"29":{"start":{"line":56,"column":4},"end":{"line":66,"column":5}},"30":{"start":{"line":57,"column":6},"end":{"line":63,"column":7}},"31":{"start":{"line":58,"column":22},"end":{"line":58,"column":38}},"32":{"start":{"line":59,"column":8},"end":{"line":59,"column":32}},"33":{"start":{"line":61,"column":8},"end":{"line":61,"column":31}},"34":{"start":{"line":62,"column":8},"end":{"line":62,"column":15}},"35":{"start":{"line":64,"column":6},"end":{"line":64,"column":25}},"36":{"start":{"line":65,"column":6},"end":{"line":65,"column":29}},"37":{"start":{"line":69,"column":18},"end":{"line":69,"column":27}},"38":{"start":{"line":70,"column":4},"end":{"line":72,"column":5}},"39":{"start":{"line":71,"column":6},"end":{"line":71,"column":47}},"40":{"start":{"line":73,"column":4},"end":{"line":82,"column":5}},"41":{"start":{"line":74,"column":6},"end":{"line":80,"column":7}},"42":{"start":{"line":75,"column":22},"end":{"line":75,"column":38}},"43":{"start":{"line":76,"column":23},"end":{"line":76,"column":35}},"44":{"start":{"line":77,"column":8},"end":{"line":77,"column":31}},"45":{"start":{"line":78,"column":8},"end":{"line":78,"column":32}},"46":{"start":{"line":79,"column":8},"end":{"line":79,"column":15}},"47":{"start":{"line":81,"column":6},"end":{"line":81,"column":29}},"48":{"start":{"line":85,"column":18},"end":{"line":85,"column":27}},"49":{"start":{"line":87,"column":4},"end":{"line":87,"column":28}},"50":{"start":{"line":87,"column":15},"end":{"line":87,"column":28}},"51":{"start":{"line":88,"column":16},"end":{"line":88,"column":18}},"52":{"start":{"line":90,"column":4},"end":{"line":93,"column":5}},"53":{"start":{"line":91,"column":6},"end":{"line":91,"column":30}},"54":{"start":{"line":92,"column":6},"end":{"line":92,"column":29}},"55":{"start":{"line":94,"column":4},"end":{"line":94,"column":39}},"56":{"start":{"line":94,"column":26},"end":{"line":94,"column":39}},"57":{"start":{"line":96,"column":4},"end":{"line":96,"column":39}},"58":{"start":{"line":100,"column":18},"end":{"line":100,"column":27}},"59":{"start":{"line":102,"column":14},"end":{"line":102,"column":16}},"60":{"start":{"line":103,"column":4},"end":{"line":106,"column":5}},"61":{"start":{"line":104,"column":6},"end":{"line":104,"column":44}},"62":{"start":{"line":105,"column":6},"end":{"line":105,"column":29}},"63":{"start":{"line":107,"column":4},"end":{"line":107,"column":18}},"64":{"start":{"line":108,"column":4},"end":{"line":108,"column":21}},"65":{"start":{"line":109,"column":4},"end":{"line":109,"column":15}},"66":{"start":{"line":115,"column":13},"end":{"line":115,"column":29}},"67":{"start":{"line":117,"column":0},"end":{"line":117,"column":17}},"68":{"start":{"line":118,"column":0},"end":{"line":118,"column":17}},"69":{"start":{"line":119,"column":0},"end":{"line":119,"column":17}},"70":{"start":{"line":121,"column":0},"end":{"line":121,"column":21}},"71":{"start":{"line":125,"column":0},"end":{"line":125,"column":18}},"72":{"start":{"line":128,"column":0},"end":{"line":128,"column":28}}},"fnMap":{"0":{"name":"(anonymous_0)","decl":{"start":{"line":4,"column":2},"end":{"line":4,"column":3}},"loc":{"start":{"line":4,"column":19},"end":{"line":8,"column":3}},"line":4},"1":{"name":"(anonymous_1)","decl":{"start":{"line":12,"column":2},"end":{"line":12,"column":3}},"loc":{"start":{"line":12,"column":16},"end":{"line":15,"column":3}},"line":12},"2":{"name":"(anonymous_2)","decl":{"start":{"line":17,"column":2},"end":{"line":17,"column":3}},"loc":{"start":{"line":17,"column":14},"end":{"line":23,"column":3}},"line":17},"3":{"name":"(anonymous_3)","decl":{"start":{"line":24,"column":2},"end":{"line":24,"column":3}},"loc":{"start":{"line":24,"column":16},"end":{"line":33,"column":3}},"line":24},"4":{"name":"(anonymous_4)","decl":{"start":{"line":34,"column":2},"end":{"line":34,"column":3}},"loc":{"start":{"line":34,"column":16},"end":{"line":44,"column":3}},"line":34},"5":{"name":"(anonymous_5)","decl":{"start":{"line":45,"column":2},"end":{"line":45,"column":3}},"loc":{"start":{"line":45,"column":30},"end":{"line":67,"column":3}},"line":45},"6":{"name":"(anonymous_6)","decl":{"start":{"line":68,"column":2},"end":{"line":68,"column":3}},"loc":{"start":{"line":68,"column":29},"end":{"line":83,"column":3}},"line":68},"7":{"name":"(anonymous_7)","decl":{"start":{"line":84,"column":2},"end":{"line":84,"column":3}},"loc":{"start":{"line":84,"column":16},"end":{"line":97,"column":3}},"line":84},"8":{"name":"(anonymous_8)","decl":{"start":{"line":99,"column":2},"end":{"line":99,"column":3}},"loc":{"start":{"line":99,"column":13},"end":{"line":110,"column":3}},"line":99}},"branchMap":{"0":{"loc":{"start":{"line":27,"column":6},"end":{"line":29,"column":7}},"type":"if","locations":[{"start":{"line":27,"column":6},"end":{"line":29,"column":7}},{"start":{"line":27,"column":6},"end":{"line":29,"column":7}}],"line":27},"1":{"loc":{"start":{"line":36,"column":4},"end":{"line":39,"column":5}},"type":"if","locations":[{"start":{"line":36,"column":4},"end":{"line":39,"column":5}},{"start":{"line":36,"column":4},"end":{"line":39,"column":5}}],"line":36},"2":{"loc":{"start":{"line":49,"column":4},"end":{"line":55,"column":5}},"type":"if","locations":[{"start":{"line":49,"column":4},"end":{"line":55,"column":5}},{"start":{"line":49,"column":4},"end":{"line":55,"column":5}}],"line":49},"3":{"loc":{"start":{"line":57,"column":6},"end":{"line":63,"column":7}},"type":"if","locations":[{"start":{"line":57,"column":6},"end":{"line":63,"column":7}},{"start":{"line":57,"column":6},"end":{"line":63,"column":7}}],"line":57},"4":{"loc":{"start":{"line":70,"column":4},"end":{"line":72,"column":5}},"type":"if","locations":[{"start":{"line":70,"column":4},"end":{"line":72,"column":5}},{"start":{"line":70,"column":4},"end":{"line":72,"column":5}}],"line":70},"5":{"loc":{"start":{"line":74,"column":6},"end":{"line":80,"column":7}},"type":"if","locations":[{"start":{"line":74,"column":6},"end":{"line":80,"column":7}},{"start":{"line":74,"column":6},"end":{"line":80,"column":7}}],"line":74},"6":{"loc":{"start":{"line":87,"column":4},"end":{"line":87,"column":28}},"type":"if","locations":[{"start":{"line":87,"column":4},"end":{"line":87,"column":28}},{"start":{"line":87,"column":4},"end":{"line":87,"column":28}}],"line":87},"7":{"loc":{"start":{"line":94,"column":4},"end":{"line":94,"column":39}},"type":"if","locations":[{"start":{"line":94,"column":4},"end":{"line":94,"column":39}},{"start":{"line":94,"column":4},"end":{"line":94,"column":39}}],"line":94}},"s":{"0":33,"1":33,"2":33,"3":12,"4":12,"5":14,"6":14,"7":14,"8":14,"9":0,"10":0,"11":0,"12":0,"13":0,"14":0,"15":17,"16":17,"17":5,"18":5,"19":12,"20":9,"21":12,"22":1,"23":1,"24":1,"25":0,"26":0,"27":0,"28":0,"29":1,"30":3,"31":1,"32":1,"33":1,"34":1,"35":2,"36":2,"37":1,"38":1,"39":0,"40":1,"41":3,"42":1,"43":1,"44":1,"45":1,"46":1,"47":2,"48":6,"49":6,"50":1,"51":5,"52":5,"53":13,"54":13,"55":5,"56":2,"57":3,"58":10,"59":10,"60":10,"61":30,"62":30,"63":10,"64":10,"65":10,"66":1,"67":1,"68":1,"69":1,"70":1,"71":1,"72":1},"f":{"0":33,"1":12,"2":14,"3":0,"4":17,"5":1,"6":1,"7":6,"8":10},"b":{"0":[0,0],"1":[5,12],"2":[0,1],"3":[1,2],"4":[0,1],"5":[1,2],"6":[1,5],"7":[2,3]},"_coverageSchema":"1a1c01bbd47fc00a2c39e90264f33305004495a9","hash":"70b2eec125360afbb128906a375ede7bfa83a4cd"}
,"/Users/henok/codefellows/data-stracture-and-algorithms-2/stacksAndQueues/node.js": {"path":"/Users/henok/codefellows/data-stracture-and-algorithms-2/stacksAndQueues/node.js","statementMap":{"0":{"start":{"line":4,"column":4},"end":{"line":4,"column":19}},"1":{"start":{"line":5,"column":4},"end":{"line":5,"column":21}},"2":{"start":{"line":15,"column":0},"end":{"line":15,"column":22}}},"fnMap":{"0":{"name":"(anonymous_0)","decl":{"start":{"line":3,"column":2},"end":{"line":3,"column":3}},"loc":{"start":{"line":3,"column":18},"end":{"line":6,"column":3}},"line":3}},"branchMap":{},"s":{"0":23,"1":23,"2":2},"f":{"0":23},"b":{},"_coverageSchema":"1a1c01bbd47fc00a2c39e90264f33305004495a9","hash":"389449abda68d7a31589728a714178773902038d"}
,"/Users/henok/codefellows/data-stracture-and-algorithms-2/stacksAndQueues/stacks-and-queues.js": {"path":"/Users/henok/codefellows/data-stracture-and-algorithms-2/stacksAndQueues/stacks-and-queues.js","statementMap":{"0":{"start":{"line":2,"column":13},"end":{"line":2,"column":33}},"1":{"start":{"line":6,"column":4},"end":{"line":6,"column":20}},"2":{"start":{"line":9,"column":17},"end":{"line":9,"column":25}},"3":{"start":{"line":10,"column":4},"end":{"line":12,"column":5}},"4":{"start":{"line":11,"column":6},"end":{"line":11,"column":35}},"5":{"start":{"line":13,"column":4},"end":{"line":13,"column":29}},"6":{"start":{"line":14,"column":4},"end":{"line":14,"column":23}},"7":{"start":{"line":15,"column":4},"end":{"line":15,"column":18}},"8":{"start":{"line":18,"column":19},"end":{"line":18,"column":32}},"9":{"start":{"line":19,"column":4},"end":{"line":19,"column":26}},"10":{"start":{"line":20,"column":4},"end":{"line":23,"column":5}},"11":{"start":{"line":21,"column":6},"end":{"line":21,"column":26}},"12":{"start":{"line":22,"column":6},"end":{"line":22,"column":13}},"13":{"start":{"line":24,"column":4},"end":{"line":24,"column":29}},"14":{"start":{"line":25,"column":4},"end":{"line":25,"column":24}},"15":{"start":{"line":28,"column":4},"end":{"line":32,"column":5}},"16":{"start":{"line":29,"column":6},"end":{"line":29,"column":26}},"17":{"start":{"line":31,"column":6},"end":{"line":31,"column":31}},"18":{"start":{"line":35,"column":4},"end":{"line":39,"column":5}},"19":{"start":{"line":36,"column":6},"end":{"line":36,"column":18}},"20":{"start":{"line":38,"column":6},"end":{"line":38,"column":19}},"21":{"start":{"line":45,"column":4},"end":{"line":45,"column":19}},"22":{"start":{"line":46,"column":4},"end":{"line":46,"column":21}},"23":{"start":{"line":49,"column":19},"end":{"line":49,"column":32}},"24":{"start":{"line":50,"column":4},"end":{"line":54,"column":5}},"25":{"start":{"line":51,"column":6},"end":{"line":51,"column":28}},"26":{"start":{"line":52,"column":6},"end":{"line":52,"column":27}},"27":{"start":{"line":53,"column":6},"end":{"line":53,"column":13}},"28":{"start":{"line":56,"column":4},"end":{"line":56,"column":30}},"29":{"start":{"line":57,"column":4},"end":{"line":57,"column":25}},"30":{"start":{"line":60,"column":21},"end":{"line":60,"column":31}},"31":{"start":{"line":61,"column":4},"end":{"line":67,"column":5}},"32":{"start":{"line":62,"column":6},"end":{"line":62,"column":32}},"33":{"start":{"line":64,"column":6},"end":{"line":64,"column":35}},"34":{"start":{"line":65,"column":6},"end":{"line":65,"column":29}},"35":{"start":{"line":66,"column":6},"end":{"line":66,"column":24}},"36":{"start":{"line":70,"column":4},"end":{"line":74,"column":5}},"37":{"start":{"line":71,"column":6},"end":{"line":71,"column":37}},"38":{"start":{"line":73,"column":6},"end":{"line":73,"column":28}},"39":{"start":{"line":77,"column":4},"end":{"line":81,"column":5}},"40":{"start":{"line":78,"column":6},"end":{"line":78,"column":18}},"41":{"start":{"line":80,"column":6},"end":{"line":80,"column":19}},"42":{"start":{"line":85,"column":0},"end":{"line":85,"column":34}}},"fnMap":{"0":{"name":"(anonymous_0)","decl":{"start":{"line":5,"column":2},"end":{"line":5,"column":3}},"loc":{"start":{"line":5,"column":16},"end":{"line":7,"column":3}},"line":5},"1":{"name":"(anonymous_1)","decl":{"start":{"line":8,"column":2},"end":{"line":8,"column":3}},"loc":{"start":{"line":8,"column":8},"end":{"line":16,"column":3}},"line":8},"2":{"name":"(anonymous_2)","decl":{"start":{"line":17,"column":2},"end":{"line":17,"column":3}},"loc":{"start":{"line":17,"column":12},"end":{"line":26,"column":3}},"line":17},"3":{"name":"(anonymous_3)","decl":{"start":{"line":27,"column":2},"end":{"line":27,"column":3}},"loc":{"start":{"line":27,"column":9},"end":{"line":33,"column":3}},"line":27},"4":{"name":"(anonymous_4)","decl":{"start":{"line":34,"column":2},"end":{"line":34,"column":3}},"loc":{"start":{"line":34,"column":12},"end":{"line":40,"column":3}},"line":34},"5":{"name":"(anonymous_5)","decl":{"start":{"line":44,"column":2},"end":{"line":44,"column":3}},"loc":{"start":{"line":44,"column":19},"end":{"line":47,"column":3}},"line":44},"6":{"name":"(anonymous_6)","decl":{"start":{"line":48,"column":2},"end":{"line":48,"column":3}},"loc":{"start":{"line":48,"column":15},"end":{"line":58,"column":3}},"line":48},"7":{"name":"(anonymous_7)","decl":{"start":{"line":59,"column":2},"end":{"line":59,"column":3}},"loc":{"start":{"line":59,"column":12},"end":{"line":68,"column":3}},"line":59},"8":{"name":"(anonymous_8)","decl":{"start":{"line":69,"column":2},"end":{"line":69,"column":3}},"loc":{"start":{"line":69,"column":9},"end":{"line":75,"column":3}},"line":69},"9":{"name":"(anonymous_9)","decl":{"start":{"line":76,"column":2},"end":{"line":76,"column":3}},"loc":{"start":{"line":76,"column":12},"end":{"line":82,"column":3}},"line":76}},"branchMap":{"0":{"loc":{"start":{"line":10,"column":4},"end":{"line":12,"column":5}},"type":"if","locations":[{"start":{"line":10,"column":4},"end":{"line":12,"column":5}},{"start":{"line":10,"column":4},"end":{"line":12,"column":5}}],"line":10},"1":{"loc":{"start":{"line":20,"column":4},"end":{"line":23,"column":5}},"type":"if","locations":[{"start":{"line":20,"column":4},"end":{"line":23,"column":5}},{"start":{"line":20,"column":4},"end":{"line":23,"column":5}}],"line":20},"2":{"loc":{"start":{"line":28,"column":4},"end":{"line":32,"column":5}},"type":"if","locations":[{"start":{"line":28,"column":4},"end":{"line":32,"column":5}},{"start":{"line":28,"column":4},"end":{"line":32,"column":5}}],"line":28},"3":{"loc":{"start":{"line":35,"column":4},"end":{"line":39,"column":5}},"type":"if","locations":[{"start":{"line":35,"column":4},"end":{"line":39,"column":5}},{"start":{"line":35,"column":4},"end":{"line":39,"column":5}}],"line":35},"4":{"loc":{"start":{"line":50,"column":4},"end":{"line":54,"column":5}},"type":"if","locations":[{"start":{"line":50,"column":4},"end":{"line":54,"column":5}},{"start":{"line":50,"column":4},"end":{"line":54,"column":5}}],"line":50},"5":{"loc":{"start":{"line":61,"column":4},"end":{"line":67,"column":5}},"type":"if","locations":[{"start":{"line":61,"column":4},"end":{"line":67,"column":5}},{"start":{"line":61,"column":4},"end":{"line":67,"column":5}}],"line":61},"6":{"loc":{"start":{"line":70,"column":4},"end":{"line":74,"column":5}},"type":"if","locations":[{"start":{"line":70,"column":4},"end":{"line":74,"column":5}},{"start":{"line":70,"column":4},"end":{"line":74,"column":5}}],"line":70},"7":{"loc":{"start":{"line":77,"column":4},"end":{"line":81,"column":5}},"type":"if","locations":[{"start":{"line":77,"column":4},"end":{"line":81,"column":5}},{"start":{"line":77,"column":4},"end":{"line":81,"column":5}}],"line":77},"8":{"loc":{"start":{"line":77,"column":8},"end":{"line":77,"column":33}},"type":"binary-expr","locations":[{"start":{"line":77,"column":8},"end":{"line":77,"column":19}},{"start":{"line":77,"column":23},"end":{"line":77,"column":33}}],"line":77}},"s":{"0":2,"1":6,"2":5,"3":5,"4":1,"5":4,"6":4,"7":4,"8":9,"9":9,"10":9,"11":4,"12":4,"13":5,"14":5,"15":4,"16":3,"17":1,"18":16,"19":7,"20":9,"21":7,"22":7,"23":14,"24":14,"25":6,"26":6,"27":6,"28":8,"29":8,"30":5,"31":5,"32":1,"33":4,"34":4,"35":4,"36":3,"37":1,"38":2,"39":27,"40":9,"41":18,"42":2},"f":{"0":6,"1":5,"2":9,"3":4,"4":16,"5":7,"6":14,"7":5,"8":3,"9":27},"b":{"0":[1,4],"1":[4,5],"2":[3,1],"3":[7,9],"4":[6,8],"5":[1,4],"6":[1,2],"7":[9,18],"8":[27,10]},"_coverageSchema":"1a1c01bbd47fc00a2c39e90264f33305004495a9","hash":"f3e7d978f273c14fbf06dd6fe4f32becefeefe33"}
}
