TN:
SF:hashtable/hashtable.js
FN:3,(anonymous_0)
FN:14,(anonymous_1)
FN:23,(anonymous_2)
FN:28,(anonymous_3)
FN:38,(anonymous_4)
FNF:5
FNH:4
FNDA:18,(anonymous_0)
FNDA:2,(anonymous_1)
FNDA:16,(anonymous_2)
FNDA:2,(anonymous_3)
FNDA:0,(anonymous_4)
DA:3,1
DA:4,18
DA:5,18
DA:6,91
DA:9,18
DA:15,2
DA:16,2
DA:17,2
DA:18,40
DA:24,16
DA:25,16
DA:29,2
DA:30,2
DA:31,2
DA:32,0
DA:34,0
DA:39,0
DA:40,0
DA:41,0
DA:47,1
DA:49,1
DA:50,1
DA:51,1
DA:52,1
DA:53,1
DA:54,1
DA:55,1
DA:56,1
DA:66,1
LF:29
LH:24
BRDA:30,0,0,2
BRDA:30,0,1,0
BRDA:32,1,0,0
BRDA:32,1,1,0
BRDA:40,2,0,0
BRDA:40,2,1,0
BRF:6
BRH:1
end_of_record
