TN:
SF:fifoAnimalShelter/fifo-animal-shelter.js
FN:3,(anonymous_0)
FN:11,(anonymous_1)
FN:14,(anonymous_2)
FN:25,(anonymous_3)
FN:44,(anonymous_4)
FN:64,(anonymous_5)
FN:72,(anonymous_6)
FNF:7
FNH:5
FNDA:14,(anonymous_0)
FNDA:3,(anonymous_1)
FNDA:14,(anonymous_2)
FNDA:0,(anonymous_3)
FNDA:0,(anonymous_4)
FNDA:1,(anonymous_5)
FNDA:16,(anonymous_6)
DA:4,14
DA:5,14
DA:6,14
DA:7,14
DA:12,3
DA:15,14
DA:16,14
DA:17,3
DA:18,3
DA:19,3
DA:21,11
DA:22,11
DA:26,0
DA:27,0
DA:28,0
DA:29,0
DA:30,0
DA:32,0
DA:33,0
DA:34,0
DA:35,0
DA:36,0
DA:37,0
DA:38,0
DA:39,0
DA:45,0
DA:46,0
DA:47,0
DA:48,0
DA:49,0
DA:51,0
DA:52,0
DA:53,0
DA:54,0
DA:55,0
DA:56,0
DA:57,0
DA:58,0
DA:59,0
DA:60,0
DA:65,1
DA:66,0
DA:69,1
DA:73,16
DA:74,3
DA:76,13
DA:81,1
LF:47
LH:18
BRDA:16,0,0,3
BRDA:16,0,1,11
BRDA:27,1,0,0
BRDA:27,1,1,0
BRDA:46,2,0,0
BRDA:46,2,1,0
BRDA:65,3,0,0
BRDA:65,3,1,1
BRDA:73,4,0,3
BRDA:73,4,1,13
BRDA:73,5,0,16
BRDA:73,5,1,3
BRF:12
BRH:7
end_of_record
